This is pdfTeX, Version 3.14159265-2.6-1.40.19 (TeX Live 2019/dev/Debian) (preloaded format=pdflatex 2018.11.19)  23 NOV 2018 23:22
entering extended mode
 restricted \write18 enabled.
 file:line:error style messages enabled.
 %&-line parsing enabled.
**\input ./ANSOL-presentation.tex
(./ANSOL-presentation.tex
(/usr/share/texlive/texmf-dist/tex/latex/base/slides.cls
Document Class: slides 2016/03/29 v2.4a Standard LaTeX document class
(/usr/share/texlive/texmf-dist/tex/latex/base/slides.def
File: slides.def 2016/03/29 v2.4a SLiTeX definitions
 hacks, slides,
\c@page=\count80

picture, mods,
\@smashboxa=\box26
\@smashboxb=\box27
\@smashboxc=\box28
 output, init)
(/usr/share/texlive/texmf-dist/tex/latex/base/sfonts.def
File: sfonts.def 1998/06/12 v2.2e Standard LaTeX slide font definitions

(/usr/share/texlive/texmf-dist/tex/latex/base/ot1lcmss.fd
File: ot1lcmss.fd 1998/06/12 v2.2e Standard LaTeX slide font definitions
))
\c@minutes=\count81
\c@seconds=\count82
\c@mv@invisible=\count83
LaTeX Font Info:    Overwriting symbol font `operators' in version `normal'
(Font)                  OT1/cmr/m/n --> OT1/lcmss/m/n on input line 359.
LaTeX Font Info:    Overwriting symbol font `letters' in version `normal'
(Font)                  OML/cmm/m/it --> OML/lcmm/m/it on input line 362.
LaTeX Font Info:    Overwriting symbol font `symbols' in version `normal'
(Font)                  OMS/cmsy/m/n --> OMS/lcmsy/m/n on input line 364.
LaTeX Font Info:    Overwriting symbol font `largesymbols' in version `normal'
(Font)                  OMX/cmex/m/n --> OMX/lcmex/m/n on input line 366.
LaTeX Font Info:    Overwriting symbol font `operators' in version `invisible'
(Font)                  OT1/cmr/m/n --> OT1/lcmss/m/In on input line 369.
LaTeX Font Info:    Overwriting symbol font `letters' in version `invisible'
(Font)                  OML/cmm/m/it --> OML/lcmm/m/Iit on input line 371.
LaTeX Font Info:    Overwriting symbol font `symbols' in version `invisible'
(Font)                  OMS/cmsy/m/n --> OMS/lcmsy/m/In on input line 373.
LaTeX Font Info:    Overwriting symbol font `largesymbols' in version `invisibl
e'
(Font)                  OMX/cmex/m/n --> OMX/lcmex/m/In on input line 375.
)
(/usr/share/texlive/texmf-dist/tex/latex/base/inputenc.sty
Package: inputenc 2018/04/06 v1.3b Input encoding file
\inpenc@prehook=\toks14
\inpenc@posthook=\toks15

(/usr/share/texlive/texmf-dist/tex/latex/base/latin1.def
File: latin1.def 2018/04/06 v1.3b Input encoding file
))
(/usr/share/texlive/texmf-dist/tex/latex/base/fontenc.sty
Package: fontenc 2017/04/05 v2.0i Standard LaTeX package

(/usr/share/texlive/texmf-dist/tex/latex/base/t1enc.def
File: t1enc.def 2017/04/05 v2.0i Standard LaTeX file
LaTeX Font Info:    Redeclaring font encoding T1 on input line 48.
)
LaTeX Font Info:    Try loading font information for T1+lcmss on input line 105
.

(/usr/share/texlive/texmf-dist/tex/latex/base/t1lcmss.fd
File: t1lcmss.fd 1998/06/12 v2.2e Standard LaTeX slide font definitions
))
(/usr/share/texlive/texmf-dist/tex/latex/eurosym/eurosym.sty
Package: eurosym 1998/08/06 v1.1 European currency symbol ``Euro''
\@eurobox=\box29
)
(/usr/share/texlive/texmf-dist/tex/latex/graphics/graphicx.sty
Package: graphicx 2017/06/01 v1.1a Enhanced LaTeX Graphics (DPC,SPQR)

(/usr/share/texlive/texmf-dist/tex/latex/graphics/keyval.sty
Package: keyval 2014/10/28 v1.15 key=value parser (DPC)
\KV@toks@=\toks16
)
(/usr/share/texlive/texmf-dist/tex/latex/graphics/graphics.sty
Package: graphics 2017/06/25 v1.2c Standard LaTeX Graphics (DPC,SPQR)

(/usr/share/texlive/texmf-dist/tex/latex/graphics/trig.sty
Package: trig 2016/01/03 v1.10 sin cos tan (DPC)
)
(/usr/share/texlive/texmf-dist/tex/latex/graphics-cfg/graphics.cfg
File: graphics.cfg 2016/06/04 v1.11 sample graphics configuration
)
Package graphics Info: Driver file: pdftex.def on input line 99.

(/usr/share/texlive/texmf-dist/tex/latex/graphics-def/pdftex.def
File: pdftex.def 2018/01/08 v1.0l Graphics/color driver for pdftex
))
\Gin@req@height=\dimen102
\Gin@req@width=\dimen103
)
(/usr/share/texlive/texmf-dist/tex/latex/graphics/epsfig.sty
Package: epsfig 2017/06/25 v1.7b (e)psfig emulation (SPQR)
\epsfxsize=\dimen104
\epsfysize=\dimen105
)
(/usr/share/texlive/texmf-dist/tex/latex/graphics/color.sty
Package: color 2016/07/10 v1.1e Standard LaTeX Color (DPC)

(/usr/share/texlive/texmf-dist/tex/latex/graphics-cfg/color.cfg
File: color.cfg 2016/01/02 v1.6 sample color configuration
)
Package color Info: Driver file: pdftex.def on input line 147.
)
(/usr/share/texlive/texmf-dist/tex/latex/hyperref/hyperref.sty
Package: hyperref 2018/02/06 v6.86b Hypertext links for LaTeX

(/usr/share/texlive/texmf-dist/tex/generic/oberdiek/hobsub-hyperref.sty
Package: hobsub-hyperref 2016/05/16 v1.14 Bundle oberdiek, subset hyperref (HO)


(/usr/share/texlive/texmf-dist/tex/generic/oberdiek/hobsub-generic.sty
Package: hobsub-generic 2016/05/16 v1.14 Bundle oberdiek, subset generic (HO)
Package: hobsub 2016/05/16 v1.14 Construct package bundles (HO)
Package: infwarerr 2016/05/16 v1.4 Providing info/warning/error messages (HO)
Package: ltxcmds 2016/05/16 v1.23 LaTeX kernel commands for general use (HO)
Package: ifluatex 2016/05/16 v1.4 Provides the ifluatex switch (HO)
Package ifluatex Info: LuaTeX not detected.
Package: ifvtex 2016/05/16 v1.6 Detect VTeX and its facilities (HO)
Package ifvtex Info: VTeX not detected.
Package: intcalc 2016/05/16 v1.2 Expandable calculations with integers (HO)
Package: ifpdf 2017/03/15 v3.2 Provides the ifpdf switch
Package: etexcmds 2016/05/16 v1.6 Avoid name clashes with e-TeX commands (HO)
Package: kvsetkeys 2016/05/16 v1.17 Key value parser (HO)
Package: kvdefinekeys 2016/05/16 v1.4 Define keys (HO)
Package: pdftexcmds 2018/01/30 v0.27 Utility functions of pdfTeX for LuaTeX (HO
)
Package pdftexcmds Info: LuaTeX not detected.
Package pdftexcmds Info: \pdf@primitive is available.
Package pdftexcmds Info: \pdf@ifprimitive is available.
Package pdftexcmds Info: \pdfdraftmode found.
Package: pdfescape 2016/05/16 v1.14 Implements pdfTeX's escape features (HO)
Package: bigintcalc 2016/05/16 v1.4 Expandable calculations on big integers (HO
)
Package: bitset 2016/05/16 v1.2 Handle bit-vector datatype (HO)
Package: uniquecounter 2016/05/16 v1.3 Provide unlimited unique counter (HO)
)
Package hobsub Info: Skipping package `hobsub' (already loaded).
Package: letltxmacro 2016/05/16 v1.5 Let assignment for LaTeX macros (HO)
Package: hopatch 2016/05/16 v1.3 Wrapper for package hooks (HO)
Package: xcolor-patch 2016/05/16 xcolor patch
Package: atveryend 2016/05/16 v1.9 Hooks at the very end of document (HO)
Package atveryend Info: \enddocument detected (standard20110627).
Package: atbegshi 2016/06/09 v1.18 At begin shipout hook (HO)
Package: refcount 2016/05/16 v3.5 Data extraction from label references (HO)
Package: hycolor 2016/05/16 v1.8 Color options for hyperref/bookmark (HO)
)
(/usr/share/texlive/texmf-dist/tex/generic/ifxetex/ifxetex.sty
Package: ifxetex 2010/09/12 v0.6 Provides ifxetex conditional
)
(/usr/share/texlive/texmf-dist/tex/latex/oberdiek/auxhook.sty
Package: auxhook 2016/05/16 v1.4 Hooks for auxiliary files (HO)
)
(/usr/share/texlive/texmf-dist/tex/latex/oberdiek/kvoptions.sty
Package: kvoptions 2016/05/16 v3.12 Key value format for package options (HO)
)
\@linkdim=\dimen106
\Hy@linkcounter=\count84
\Hy@pagecounter=\count85

(/usr/share/texlive/texmf-dist/tex/latex/hyperref/pd1enc.def
File: pd1enc.def 2018/02/06 v6.86b Hyperref: PDFDocEncoding definition (HO)
Now handling font encoding PD1 ...
... no UTF-8 mapping file for font encoding PD1
)
\Hy@SavedSpaceFactor=\count86

(/usr/share/texlive/texmf-dist/tex/latex/latexconfig/hyperref.cfg
File: hyperref.cfg 2002/06/06 v1.2 hyperref configuration of TeXLive
)
Package hyperref Info: Hyper figures OFF on input line 4509.
Package hyperref Info: Link nesting OFF on input line 4514.
Package hyperref Info: Hyper index ON on input line 4517.
Package hyperref Info: Plain pages OFF on input line 4524.
Package hyperref Info: Backreferencing OFF on input line 4529.
Package hyperref Info: Implicit mode ON; LaTeX internals redefined.
Package hyperref Info: Bookmarks ON on input line 4762.
\c@Hy@tempcnt=\count87

(/usr/share/texlive/texmf-dist/tex/latex/url/url.sty
\Urlmuskip=\muskip10
Package: url 2013/09/16  ver 3.4  Verb mode for urls, etc.
)
LaTeX Info: Redefining \url on input line 5115.
\XeTeXLinkMargin=\dimen107
\Fld@menulength=\count88
\Field@Width=\dimen108
\Fld@charsize=\dimen109
Package hyperref Info: Hyper figures OFF on input line 6369.
Package hyperref Info: Link nesting OFF on input line 6374.
Package hyperref Info: Hyper index ON on input line 6377.
Package hyperref Info: backreferencing OFF on input line 6384.
Package hyperref Info: Link coloring OFF on input line 6389.
Package hyperref Info: Link coloring with OCG OFF on input line 6394.
Package hyperref Info: PDF/A mode OFF on input line 6399.
LaTeX Info: Redefining \ref on input line 6439.
LaTeX Info: Redefining \pageref on input line 6443.
\Hy@abspage=\count89
\c@Item=\count90
\c@Hfootnote=\count91
)
Package hyperref Info: Driver (autodetected): hpdftex.

(/usr/share/texlive/texmf-dist/tex/latex/hyperref/hpdftex.def
File: hpdftex.def 2018/02/06 v6.86b Hyperref driver for pdfTeX
\Fld@listcount=\count92
\c@bookmark@seq@number=\count93

(/usr/share/texlive/texmf-dist/tex/latex/oberdiek/rerunfilecheck.sty
Package: rerunfilecheck 2016/05/16 v1.8 Rerun checks for auxiliary files (HO)
Package uniquecounter Info: New unique counter `rerunfilecheck' on input line 2
82.
)
\Hy@SectionHShift=\skip41
)
(/usr/share/texlive/texmf-dist/tex/latex/beamer/multimedia.sty
Package: multimedia 2012/05/02 ver 0.02
\mm@movie=\count94
)
(/usr/share/texlive/texmf-dist/tex/latex/nopageno/nopageno.sty
Package: nopageno 1989/01/01 no page numbers (DPC)
)
(/home/marado/github/ANSOL-presentation/ANSOL-presentation.aux)
\openout1 = `ANSOL-presentation.aux'.

LaTeX Font Info:    Checking defaults for OML/cmm/m/it on input line 28.
LaTeX Font Info:    ... okay on input line 28.
LaTeX Font Info:    Checking defaults for T1/cmr/m/n on input line 28.
LaTeX Font Info:    ... okay on input line 28.
LaTeX Font Info:    Checking defaults for OT1/lcmss/m/n on input line 28.
LaTeX Font Info:    ... okay on input line 28.
LaTeX Font Info:    Checking defaults for OMS/cmsy/m/n on input line 28.
LaTeX Font Info:    ... okay on input line 28.
LaTeX Font Info:    Checking defaults for OMX/cmex/m/n on input line 28.
LaTeX Font Info:    ... okay on input line 28.
LaTeX Font Info:    Checking defaults for U/cmr/m/n on input line 28.
LaTeX Font Info:    ... okay on input line 28.
LaTeX Font Info:    Checking defaults for PD1/pdf/m/n on input line 28.
LaTeX Font Info:    ... okay on input line 28.

(/usr/share/texlive/texmf-dist/tex/context/base/mkii/supp-pdf.mkii
[Loading MPS to PDF converter (version 2006.09.02).]
\scratchcounter=\count95
\scratchdimen=\dimen110
\scratchbox=\box30
\nofMPsegments=\count96
\nofMParguments=\count97
\everyMPshowfont=\toks17
\MPscratchCnt=\count98
\MPscratchDim=\dimen111
\MPnumerator=\count99
\makeMPintoPDFobject=\count100
\everyMPtoPDFconversion=\toks18
) (/usr/share/texlive/texmf-dist/tex/latex/oberdiek/epstopdf-base.sty
Package: epstopdf-base 2016/05/15 v2.6 Base part for package epstopdf

(/usr/share/texlive/texmf-dist/tex/latex/oberdiek/grfext.sty
Package: grfext 2016/05/16 v1.2 Manage graphics extensions (HO)
)
Package epstopdf-base Info: Redefining graphics rule for `.eps' on input line 4
38.
Package grfext Info: Graphics extension search list:
(grfext)             [.pdf,.png,.jpg,.mps,.jpeg,.jbig2,.jb2,.PDF,.PNG,.JPG,.JPE
G,.JBIG2,.JB2,.eps]
(grfext)             \AppendGraphicsExtensions on input line 456.

(/usr/share/texlive/texmf-dist/tex/latex/latexconfig/epstopdf-sys.cfg
File: epstopdf-sys.cfg 2010/07/13 v1.3 Configuration of (r)epstopdf for TeX Liv
e
))
\AtBeginShipoutBox=\box31
Package hyperref Info: Link coloring OFF on input line 28.

(/usr/share/texlive/texmf-dist/tex/latex/hyperref/nameref.sty
Package: nameref 2016/05/21 v2.44 Cross-referencing by name of section

(/usr/share/texlive/texmf-dist/tex/generic/oberdiek/gettitlestring.sty
Package: gettitlestring 2016/05/16 v1.5 Cleanup title references (HO)
)
\c@section@level=\count101
)
LaTeX Info: Redefining \ref on input line 28.
LaTeX Info: Redefining \pageref on input line 28.
LaTeX Info: Redefining \nameref on input line 28.

(/home/marado/github/ANSOL-presentation/ANSOL-presentation.out)
(/home/marado/github/ANSOL-presentation/ANSOL-presentation.out)
\@outlinefile=\write3
\openout3 = `ANSOL-presentation.out'.

LaTeX Font Info:    Try loading font information for T1+lcmtt on input line 34.


(/usr/share/texlive/texmf-dist/tex/latex/base/t1lcmtt.fd
File: t1lcmtt.fd 1998/06/12 v2.2e Standard LaTeX slide font definitions
)
LaTeX Font Info:    Try loading font information for OML+lcmm on input line 34.


(/usr/share/texlive/texmf-dist/tex/latex/base/omllcmm.fd
File: omllcmm.fd 1998/06/12 v2.2e Standard LaTeX slide font definitions
)
LaTeX Font Info:    Try loading font information for OMS+lcmsy on input line 34
.

(/usr/share/texlive/texmf-dist/tex/latex/base/omslcmsy.fd
File: omslcmsy.fd 1998/06/12 v2.2e Standard LaTeX slide font definitions
)
LaTeX Font Info:    Try loading font information for OMX+lcmex on input line 34
.

(/usr/share/texlive/texmf-dist/tex/latex/base/omxlcmex.fd
File: omxlcmex.fd 1998/06/12 v2.2e Standard LaTeX slide font definitions
)
LaTeX Font Info:    External font `cmex10 at17.28pt' loaded for size
(Font)              <19.907> on input line 34.
LaTeX Font Info:    External font `cmex10 at17.28pt' loaded for size
(Font)              <16.59> on input line 34.
LaTeX Font Info:    External font `cmex10 at17.28pt' loaded for size
(Font)              <13.82> on input line 34.
 [1

{/var/lib/texmf/fonts/map/pdftex/updmap/pdftex.map}]
(/home/marado/github/ANSOL-presentation/ANSOL.tex [2] [3]
<pct2001-miguelg.jpg, id=23, 425.59pt x 252.945pt>
File: pct2001-miguelg.jpg Graphic file (type jpg)
<use pct2001-miguelg.jpg>
Package pdftex.def Info: pct2001-miguelg.jpg  used on input line 36.
(pdftex.def)             Requested size: 425.58894pt x 252.94438pt.
 [4 </home/marado/github/ANSOL-presentation/pct2001-miguelg.jpg>]

Class slides Warning: Slide 4 too long on input line 48.

[4] [5]
LaTeX Font Info:    External font `cmex10 at17.28pt' loaded for size
(Font)              <12> on input line 116.
LaTeX Font Info:    External font `cmex10 at17.28pt' loaded for size
(Font)              <7> on input line 116.
 [6] (/home/marado/github/ANSOL-presentation/category.latex

LaTeX Warning: \oval, \circle, or \line size unavailable on input line 65.


Overfull \vbox (2.0pt too high) detected at line 65
 []


Overfull \hbox (2.0pt too wide) detected at line 65
 
 []


LaTeX Warning: \oval, \circle, or \line size unavailable on input line 66.


Overfull \vbox (2.0pt too high) detected at line 66
 []


Overfull \hbox (2.0pt too wide) detected at line 66
 
 []


LaTeX Warning: \oval, \circle, or \line size unavailable on input line 67.


Overfull \vbox (2.0pt too high) detected at line 67
 []


Overfull \hbox (2.0pt too wide) detected at line 67
 
 []


LaTeX Warning: \oval, \circle, or \line size unavailable on input line 68.


Overfull \vbox (2.0pt too high) detected at line 68
 []


Overfull \hbox (2.0pt too wide) detected at line 68
 
 []


LaTeX Warning: \oval, \circle, or \line size unavailable on input line 486.


Overfull \vbox (2.0pt too high) detected at line 486
 []


Overfull \hbox (2.0pt too wide) detected at line 486
 
 []


LaTeX Warning: \oval, \circle, or \line size unavailable on input line 487.


Overfull \vbox (2.0pt too high) detected at line 487
 []


Overfull \hbox (2.0pt too wide) detected at line 487
 
 []


LaTeX Warning: \oval, \circle, or \line size unavailable on input line 488.


Overfull \vbox (2.0pt too high) detected at line 488
 []


Overfull \hbox (2.0pt too wide) detected at line 488
 
 []


LaTeX Warning: \oval, \circle, or \line size unavailable on input line 489.


Overfull \vbox (2.0pt too high) detected at line 489
 []


Overfull \hbox (2.0pt too wide) detected at line 489
 
 []

) [7] [8] [9] [10]

Class slides Warning: Slide 10 too long on input line 198.

[10]
<transparencia.png, id=72, 608.2725pt x 354.57469pt>
File: transparencia.png Graphic file (type png)
<use transparencia.png>
Package pdftex.def Info: transparencia.png  used on input line 203.
(pdftex.def)             Requested size: 608.27103pt x 354.57382pt.
<CD.png, id=73, 678.28406pt x 325.215pt>
File: CD.png Graphic file (type png)
<use CD.png>
Package pdftex.def Info: CD.png  used on input line 205.
(pdftex.def)             Requested size: 678.2824pt x 325.2142pt.

Overfull \hbox (66.2824pt too wide) in paragraph at lines 204--206
[] 
 []

[11 </home/marado/github/ANSOL-presentation/transparencia.png>]

Class slides Warning: Slide 11 too long on input line 208.

[11 </home/marado/github/ANSOL-presentation/CD.png>]

Class slides Warning: Slide 11 too long on input line 263.

[11] [12] [13]

Class slides Warning: Slide 13 too long on input line 370.

[13]

Class slides Warning: Slide 13 too long on input line 371.

[13] [14]

Class slides Warning: Slide 14 too long on input line 382.

[14] [15] [16]

Class slides Warning: Slide 16 too long on input line 405.

[16] [17]

Class slides Warning: Slide 17 too long on input line 424.

[17]
Overfull \hbox (29.9352pt too wide) in paragraph at lines 433--434
[]\T1/lcmss/m/n/19.907 Possibilidade de não ne-ces-si-dade de con-tabi-liza-ção
 de número
 []

[18]
Overfull \hbox (1.73341pt too wide) in paragraph at lines 439--440
[]\T1/lcmss/m/n/19.907 Disponibilização de código fonte torna o soft-ware re-si
liente
 []


Class slides Warning: Slide 18 too long on input line 443.

[18]
Overfull \hbox (55.9929pt too wide) in paragraph at lines 450--451
[]\T1/lcmss/m/n/19.907 Licenciamento per-mite in-clusão em pro-gra-mas não-livr
es (MySQL) 
 []

[19] [20] [21]
<save-code-share.png, id=158, 533.74406pt x 329.73187pt>
File: save-code-share.png Graphic file (type png)
<use save-code-share.png>
Package pdftex.def Info: save-code-share.png  used on input line 474.
(pdftex.def)             Requested size: 533.74275pt x 329.73105pt.
 [22 </home/marado/github/ANSOL-presentation/save-code-share.png (PNG copy)>]
<pmpc-video.png, id=165, 572.1375pt x 357.58594pt>
File: pmpc-video.png Graphic file (type png)
<use pmpc-video.png>
Package pdftex.def Info: pmpc-video.png  used on input line 479.
(pdftex.def)             Requested size: 572.1361pt x 357.58505pt.
 [23 </home/marado/github/ANSOL-presentation/pmpc-video.png (PNG copy)>]
<ansol-geral.png, id=171, 825.0825pt x 340.27126pt>
File: ansol-geral.png Graphic file (type png)
<use ansol-geral.png>
Package pdftex.def Info: ansol-geral.png  used on input line 487.
(pdftex.def)             Requested size: 825.08049pt x 340.27042pt.

Overfull \hbox (60.66219pt too wide) in paragraph at lines 486--488
[]\T1/lcmss/m/n/19.907 ANSOL-geral -- []$\T1/lcmtt/m/n/19.907 http : / / listas
 . ansol . org / mailman / listinfo / ansol-[]geral$[]
 []


Overfull \hbox (175.08049pt too wide) in paragraph at lines 486--488
[] 
 []

[24 </home/marado/github/ANSOL-presentation/ansol-geral.png (PNG copy)>]
<ANSOL-freewear.png, id=176, 387.69844pt x 212.29312pt>
File: ANSOL-freewear.png Graphic file (type png)
<use ANSOL-freewear.png>
Package pdftex.def Info: ANSOL-freewear.png  used on input line 491.
(pdftex.def)             Requested size: 387.69748pt x 212.2926pt.

[25 </home/marado/github/ANSOL-presentation/ANSOL-freewear.png (PNG copy)>]
<ANSOL-flyers.png, id=182, 842.1864pt x 597.432pt>
File: ANSOL-flyers.png Graphic file (type png)
<use ANSOL-flyers.png>
Package pdftex.def Info: ANSOL-flyers.png  used on input line 497.
(pdftex.def)             Requested size: 673.75003pt x 477.94624pt.

Overfull \hbox (23.75003pt too wide) in paragraph at lines 497--498
[][] 
 []


Overfull \vbox (55.94624pt too high) has occurred while \output is active []


[26 </home/marado/github/ANSOL-presentation/ANSOL-flyers.png (PNG copy)>])
[27]
Package atveryend Info: Empty hook `BeforeClearDocument' on input line 52.
Package atveryend Info: Empty hook `AfterLastShipout' on input line 52.
 (/home/marado/github/ANSOL-presentation/ANSOL-presentation.aux)
Package atveryend Info: Executing hook `AtVeryEndDocument' on input line 52.
Package atveryend Info: Executing hook `AtEndAfterFileList' on input line 52.
Package rerunfilecheck Info: File `ANSOL-presentation.out' has not changed.
(rerunfilecheck)             Checksum: D41D8CD98F00B204E9800998ECF8427E;0.
Package atveryend Info: Empty hook `AtVeryVeryEnd' on input line 52.
 ) 
Here is how much of TeX's memory you used:
 5653 strings out of 494586
 85329 string characters out of 6177801
 291182 words of memory out of 5000000
 9179 multiletter control sequences out of 15000+600000
 17704 words of font info for 44 fonts, out of 8000000 for 9000
 14 hyphenation exceptions out of 8191
 28i,6n,30p,270b,460s stack positions out of 5000i,500n,10000p,200000b,80000s
 </home/marado/.texlive2018/texmf-var/fonts/pk/ljfour/jknappen/ec/eclq8.3096p
k> </home/marado/.texlive2018/texmf-var/fonts/pk/ljfour/jknappen/ec/eclb8.1493p
k> </home/marado/.texlive2018/texmf-var/fonts/pk/ljfour/jknappen/ec/eclb8.1244p
k> </home/marado/.texlive2018/texmf-var/fonts/pk/ljfour/jknappen/ec/ecltt8.1244
pk> </home/marado/.texlive2018/texmf-var/fonts/pk/ljfour/jknappen/ec/eclq8.750p
k> </home/marado/.texlive2018/texmf-var/fonts/pk/ljfour/jknappen/ec/eclq8.1037p
k> </home/marado/.texlive2018/texmf-var/fonts/pk/ljfour/jknappen/ec/eclq8.900pk
> </home/marado/.texlive2018/texmf-var/fonts/pk/ljfour/jknappen/ec/ecli8.1244pk
> </home/marado/.texlive2018/texmf-var/fonts/pk/ljfour/jknappen/ec/eclq8.1244pk
> </home/marado/.texlive2018/texmf-var/fonts/pk/ljfour/jknappen/ec/ecli8.1493pk
> </home/marado/.texlive2018/texmf-var/fonts/pk/ljfour/jknappen/ec/eclq8.1493pk
> </home/marado/.texlive2018/texmf-var/fonts/pk/ljfour/jknappen/ec/ecltt8.1493p
k> </home/marado/.texlive2018/texmf-var/fonts/pk/ljfour/jknappen/ec/eclq8.2150p
k></usr/share/texlive/texmf-dist/fonts/type1/public/amsfonts/cm/cmmi8.pfb></usr
/share/texlive/texmf-dist/fonts/type1/public/amsfonts/cm/cmsy8.pfb></usr/share/
texlive/texmf-dist/fonts/type1/public/eurosym/feymr10.pfb></usr/share/texlive/t
exmf-dist/fonts/type1/public/amsfonts/latxfont/lcircle1.pfb></usr/share/texlive
/texmf-dist/fonts/type1/public/amsfonts/latxfont/lcmss8.pfb>
Output written on ANSOL-presentation.pdf (37 pages, 1122305 bytes).
PDF statistics:
 587 PDF objects out of 1000 (max. 8388607)
 207 compressed objects within 3 object streams
 38 named destinations out of 1000 (max. 500000)
 45 words of extra memory for PDF output out of 10000 (max. 10000000)

